
running 0 tests

test result: ok. 0 passed; 0 failed; 0 ignored; 0 measured; 0 filtered out; finished in 0.00s


running 50 tests
test test::integration::advanced_mechanics::pinning ... ok
test test::unit::bitmask::test_diagonal_cross_mask ... ok
test test::unit::bitmask::test_diagonal_mask_edge_cases ... ok
test test::integration::perft::position_with_the_most_legal_moves ... ok
test test::unit::bitmask::test_diagonal_masks_no_overlap ... ok
test test::unit::bitboard::test_to_bitboard ... ok
test test::integration::test_games::full_game_no_castling_no_en_passant_no_promotion ... ok
test test::unit::bitmask::test_down_mask ... ok
test test::unit::bitmask::test_right_diagonal_mask ... ok
test test::unit::bitmask::test_up_mask ... ok
test test::integration::test_games::opening ... ok
test test::unit::bitboard::test_get_occupied_squares ... ok
test test::unit::board::test_board_init ... ok
test test::unit::board::test_capture_logic ... ok
test test::unit::board::test_move_execution ... ok
test test::unit::bitmask::test_bishop_movement ... ok
test test::unit::bitboard::test_bitwise_reverse ... ok
test test::unit::bitmask::test_cross_mask ... ok
test test::unit::knight::test_knight_moves_center ... ok
test test::unit::knight::test_knight_moves_edge ... ok
test test::unit::knight::test_knight_blocked_by_own_pieces ... ok
test test::integration::test_games::magnus_carlsen ... ok
test test::integration::perft::alternate_position_2 ... FAILED
test test::unit::bitmask::test_diagonal_masks_symmetric ... ok
test test::unit::bitmask::test_diagonal_masks_contain_origin ... ok
test test::unit::bitmask::test_diagonal_cross_contains_both ... ok
test test::unit::moves::king_start_not_included_in_mask ... ok
test test::unit::moves::test_blockers_bishop ... ok
test test::unit::moves::test_blockers_rook ... ok
test test::unit::moves::test_color_negation ... ok
test test::unit::moves::test_pawn_capture_wrap_around_border ... ok
test test::unit::board::proptests::always_one_king_per_color ... ok
test test::unit::moves::test_pawn_moves ... ok
test test::unit::moves::knight_start_not_included_in_mask ... ok
test test::unit::moves::test_bishop_moves ... ok
test test::unit::moves::test_rook_moves ... ok
test test::unit::cross_mask::test_cross_mask_square_amount ... ok
test test::unit::cross_mask::test_vertical_mask_square_amount ... ok
test test::unit::board::proptests::test_bitboard_roundtrip ... ok
test test::unit::moves::bishop_start_not_included_in_mask ... ok
test test::unit::board::proptests::test_move_validation ... ok
test test::unit::moves::pawn_start_not_included_in_mask ... ok
test test::unit::moves::rook_start_not_included_in_mask ... ok
test test::unit::moves::queen_start_not_included_in_mask ... ok
test test::unit::moves::test_queen_moves ... ok
test test::unit::moves::test_starting_pawn_move ... ok
test test::integration::perft::depth_3 ... ok
test test::integration::divide::alternate_position ... FAILED
test test::integration::perft::alternate_position ... FAILED
test test::integration::divide::perft ... FAILED

failures:

---- test::integration::perft::alternate_position_2 stdout ----

thread 'test::integration::perft::alternate_position_2' panicked at src/test/integration/perft.rs:112:9:
assertion `left == right` failed: Minimal failing depth: 3
  left: 2824
 right: 2812
note: run with `RUST_BACKTRACE=1` environment variable to display a backtrace

---- test::integration::divide::alternate_position stdout ----

thread 'test::integration::divide::alternate_position' panicked at src/test/integration/divide.rs:199:9:
assertion `left == right` failed: 
Engine: e1d1 => 1905
 Stockfish: e1d1 => 1894
  left: 1905
 right: 1894

---- test::integration::perft::alternate_position stdout ----

thread 'test::integration::perft::alternate_position' panicked at src/test/integration/perft.rs:79:9:
assertion `left == right` failed: Minimal failing depth: 3
  left: 97899
 right: 97862

---- test::integration::divide::perft stdout ----
c2c3 3

thread 'test::integration::divide::perft' panicked at src/test/integration/divide.rs:85:9:
assertion `left == right` failed: 
Depth: 4
Engine: c2c3 => 9270
 Stockfish: c2c3 => 9272
  left: 9270
 right: 9272


failures:
    test::integration::divide::alternate_position
    test::integration::divide::perft
    test::integration::perft::alternate_position
    test::integration::perft::alternate_position_2

test result: FAILED. 46 passed; 4 failed; 0 ignored; 0 measured; 0 filtered out; finished in 3.41s

